HyperParameters to test & options
- number of folds:      5, 10
- number of epochs:     5, 10, 15, 20
- batch size:           4, 8, 12, 16, 20
- decoder_lr:           2e-5, 3e-5, 4e-5, 5e-5
- encoder_lr:           2e-5, 3e-5, 4e-5, 5e-5
- min_lr:               2e-5, 3e-5, 4e-5, 5e-5

################################################################
deberta-baseline
    - CV Score = 0.87
    - n_folds =
    - n_epochs =
    - decoder_lr =
    - encoder_lr =
    - batch_size =

#################################################################
deberta-large
    - CV Score =
    - n_folds =
    - n_epochs =
    - decoder_lr =
    - encoder_lr =
    - batch_size =

#################################################################
deberta-v2-xl
    - CV Score =
    - n_folds =
    - n_epochs =
    - decoder_lr =
    - encoder_lr =
    - batch_size =

#################################################################
deberta-v3-large
    - CV Score =
    - n_folds =
    - n_epochs =
    - decoder_lr =
    - encoder_lr =
    - batch_size =

#################################################################
roberta-large
    - CV Score =
    - n_folds =
    - n_epochs =
    - decoder_lr =
    - encoder_lr =
    - batch_size =

#################################################################
t5
    - CV Score =
    - n_folds =
    - n_epochs =
    - decoder_lr =
    - encoder_lr =
    - batch_size =

##################################################################


###########################################


######################
all_models = [
    'deberta_large,
    'deberta_v2,
    'deberta_v3,
    'distilbert_v1,
    'distilbert_v2,
    'dislitbert_v3'
    'albert-base-v2',
    'google/electra-base-discriminator',
    'roberta-base'
    'roberta-large
# ]
